<?xml version="1.0" encoding="UTF-8"?>
<testsuite xmlns:xsi="http://www.w3.org/2001/XMLSchema-instance" xsi:noNamespaceSchemaLocation="https://maven.apache.org/surefire/maven-surefire-plugin/xsd/surefire-test-report.xsd" name="runner.TestRunner" time="18.167" tests="48" errors="0" skipped="0" failures="0">
  <properties>
[...]
</properties>
  <testcase name="Given Get Policy Headers" classname="| getPolicy |" time="0.001"/>
  <testcase name="Given Get Policy Headers" classname="| getPolicy |" time="0"/>
  <testcase name="Then user enters query parameters" classname="| getPolicy |" time="0"/>
  <testcase name="Then user enters query parameters" classname="| getPolicy |" time="0"/>
  <testcase name="When user makes get call with &quot;getPolicy&quot;" classname="| getPolicy |" time="0"/>
  <testcase name="When user makes get call with &quot;getPolicy&quot;" classname="| getPolicy |" time="0"/>
  <testcase name="Then user verify the results of get call" classname="| getPolicy |" time="0"/>
  <testcase name="Then user verify the results of get call" classname="| getPolicy |" time="0"/>
  <testcase name="| getPolicy |" classname="| getPolicy |" time="0.001"/>
  <testcase name="| getPolicy |" classname="| getPolicy |" time="0.001"/>
  <testcase name="Given Add android policy headers" classname="| addPolicy |  |  |  | 0 | 0 | 0 | 0 | 1 |  |  |  | 1 |  | 0 | 0 | 0 | AndroidPolicy1 |  | 0 |  |  |  |  | 100 | Android Policy Description. | 3 | 3 | 0 | 0 |  | 2 |" time="0"/>
  <testcase name="Then Add parameters &quot;&quot; &quot;&quot; &quot;&quot; &quot;0&quot; &quot;0&quot; &quot;0&quot; &quot;0&quot; &quot;1&quot; &quot;&quot; &quot;&quot; &quot;&quot; &quot;1&quot; &quot;&quot; &quot;0&quot; &quot;0&quot; &quot;0&quot; &quot;AndroidPolicy1&quot; &quot;&quot; &quot;0&quot; &quot;&quot; &quot;&quot; &quot;&quot; &quot;&quot; &quot;100&quot; &quot;Android Policy Description.&quot; &quot;3&quot; &quot;3&quot; &quot;0&quot; &quot;0&quot; &quot;&quot; &quot;2&quot;" classname="| addPolicy |  |  |  | 0 | 0 | 0 | 0 | 1 |  |  |  | 1 |  | 0 | 0 | 0 | AndroidPolicy1 |  | 0 |  |  |  |  | 100 | Android Policy Description. | 3 | 3 | 0 | 0 |  | 2 |" time="0"/>
  <testcase name="When user makes post call with &quot;addPolicy&quot;" classname="| addPolicy |  |  |  | 0 | 0 | 0 | 0 | 1 |  |  |  | 1 |  | 0 | 0 | 0 | AndroidPolicy1 |  | 0 |  |  |  |  | 100 | Android Policy Description. | 3 | 3 | 0 | 0 |  | 2 |" time="0"/>
  <testcase name="Then user verify the results" classname="| addPolicy |  |  |  | 0 | 0 | 0 | 0 | 1 |  |  |  | 1 |  | 0 | 0 | 0 | AndroidPolicy1 |  | 0 |  |  |  |  | 100 | Android Policy Description. | 3 | 3 | 0 | 0 |  | 2 |" time="0"/>
  <testcase name="| addPolicy |  |  |  | 0 | 0 | 0 | 0 | 1 |  |  |  | 1 |  | 0 | 0 | 0 | AndroidPolicy1 |  | 0 |  |  |  |  | 100 | Android Policy Description. | 3 | 3 | 0 | 0 |  | 2 |" classname="| addPolicy |  |  |  | 0 | 0 | 0 | 0 | 1 |  |  |  | 1 |  | 0 | 0 | 0 | AndroidPolicy1 |  | 0 |  |  |  |  | 100 | Android Policy Description. | 3 | 3 | 0 | 0 |  | 2 |" time="0.002"/>
  <testcase name="Given Add android policy headers" classname="| addPolicy |  |  |  | 0 | 0 | 0 | 0 | 1 |  |  |  | 1 |  | 0 | 0 | 0 | AndroidPolicy2 |  | 0 |  |  |  |  | 100 | Android Policy Description. | 4 | 3 | 0 | 0 |  | 2 |" time="0"/>
  <testcase name="Then Add parameters &quot;&quot; &quot;&quot; &quot;&quot; &quot;0&quot; &quot;0&quot; &quot;0&quot; &quot;0&quot; &quot;1&quot; &quot;&quot; &quot;&quot; &quot;&quot; &quot;1&quot; &quot;&quot; &quot;0&quot; &quot;0&quot; &quot;0&quot; &quot;AndroidPolicy2&quot; &quot;&quot; &quot;0&quot; &quot;&quot; &quot;&quot; &quot;&quot; &quot;&quot; &quot;100&quot; &quot;Android Policy Description.&quot; &quot;4&quot; &quot;3&quot; &quot;0&quot; &quot;0&quot; &quot;&quot; &quot;2&quot;" classname="| addPolicy |  |  |  | 0 | 0 | 0 | 0 | 1 |  |  |  | 1 |  | 0 | 0 | 0 | AndroidPolicy2 |  | 0 |  |  |  |  | 100 | Android Policy Description. | 4 | 3 | 0 | 0 |  | 2 |" time="0"/>
  <testcase name="When user makes post call with &quot;addPolicy&quot;" classname="| addPolicy |  |  |  | 0 | 0 | 0 | 0 | 1 |  |  |  | 1 |  | 0 | 0 | 0 | AndroidPolicy2 |  | 0 |  |  |  |  | 100 | Android Policy Description. | 4 | 3 | 0 | 0 |  | 2 |" time="0"/>
  <testcase name="Then user verify the results" classname="| addPolicy |  |  |  | 0 | 0 | 0 | 0 | 1 |  |  |  | 1 |  | 0 | 0 | 0 | AndroidPolicy2 |  | 0 |  |  |  |  | 100 | Android Policy Description. | 4 | 3 | 0 | 0 |  | 2 |" time="0"/>
  <testcase name="| addPolicy |  |  |  | 0 | 0 | 0 | 0 | 1 |  |  |  | 1 |  | 0 | 0 | 0 | AndroidPolicy2 |  | 0 |  |  |  |  | 100 | Android Policy Description. | 4 | 3 | 0 | 0 |  | 2 |" classname="| addPolicy |  |  |  | 0 | 0 | 0 | 0 | 1 |  |  |  | 1 |  | 0 | 0 | 0 | AndroidPolicy2 |  | 0 |  |  |  |  | 100 | Android Policy Description. | 4 | 3 | 0 | 0 |  | 2 |" time="0.001"/>
  <testcase name="Given Add android policy headers" classname="| editPolicy |  |  |  | 0 | 0 | 0 | 0 | 1 |  |  |  | 1 |  | 0 | 0 | 0 | AndroidPolicy1 |  | 0 |  |  |  |  | 100 | Android Policy Description Edited. | 3 |  | 3 | 0 | 0 |  | 2 |" time="0"/>
  <testcase name="Then user Add parameters &quot;&quot; &quot;&quot; &quot;&quot; &quot;&quot; &quot;0&quot; &quot;0&quot; &quot;0&quot; &quot;0&quot; &quot;1&quot; &quot;&quot; &quot;&quot; &quot;&quot; &quot;1&quot; &quot;&quot; &quot;0&quot; &quot;0&quot; &quot;0&quot; &quot;AndroidPolicy1&quot; &quot;&quot; &quot;0&quot; &quot;&quot; &quot;&quot; &quot;&quot; &quot;&quot; &quot;100&quot; &quot;Android Policy Description Edited.&quot; &quot;3&quot; &quot;3&quot; &quot;0&quot; &quot;0&quot; &quot;&quot; &quot;2&quot;" classname="| editPolicy |  |  |  | 0 | 0 | 0 | 0 | 1 |  |  |  | 1 |  | 0 | 0 | 0 | AndroidPolicy1 |  | 0 |  |  |  |  | 100 | Android Policy Description Edited. | 3 |  | 3 | 0 | 0 |  | 2 |" time="0"/>
  <testcase name="When user makes post call with &quot;editPolicy&quot;" classname="| editPolicy |  |  |  | 0 | 0 | 0 | 0 | 1 |  |  |  | 1 |  | 0 | 0 | 0 | AndroidPolicy1 |  | 0 |  |  |  |  | 100 | Android Policy Description Edited. | 3 |  | 3 | 0 | 0 |  | 2 |" time="0"/>
  <testcase name="Then user verify the results" classname="| editPolicy |  |  |  | 0 | 0 | 0 | 0 | 1 |  |  |  | 1 |  | 0 | 0 | 0 | AndroidPolicy1 |  | 0 |  |  |  |  | 100 | Android Policy Description Edited. | 3 |  | 3 | 0 | 0 |  | 2 |" time="0"/>
  <testcase name="| editPolicy |  |  |  | 0 | 0 | 0 | 0 | 1 |  |  |  | 1 |  | 0 | 0 | 0 | AndroidPolicy1 |  | 0 |  |  |  |  | 100 | Android Policy Description Edited. | 3 |  | 3 | 0 | 0 |  | 2 |" classname="| editPolicy |  |  |  | 0 | 0 | 0 | 0 | 1 |  |  |  | 1 |  | 0 | 0 | 0 | AndroidPolicy1 |  | 0 |  |  |  |  | 100 | Android Policy Description Edited. | 3 |  | 3 | 0 | 0 |  | 2 |" time="0"/>
  <testcase name="Given Add android policy headers" classname="| editPolicy |  |  |  | 0 | 0 | 0 | 0 | 1 |  |  |  | 1 |  | 0 | 0 | 0 | AndroidPolicy2 |  | 0 |  |  |  |  | 100 | Android Policy Description Edited. | 4 |  | 3 | 0 | 0 |  | 2 |" time="0"/>
  <testcase name="Then user Add parameters &quot;&quot; &quot;&quot; &quot;&quot; &quot;&quot; &quot;0&quot; &quot;0&quot; &quot;0&quot; &quot;0&quot; &quot;1&quot; &quot;&quot; &quot;&quot; &quot;&quot; &quot;1&quot; &quot;&quot; &quot;0&quot; &quot;0&quot; &quot;0&quot; &quot;AndroidPolicy2&quot; &quot;&quot; &quot;0&quot; &quot;&quot; &quot;&quot; &quot;&quot; &quot;&quot; &quot;100&quot; &quot;Android Policy Description Edited.&quot; &quot;4&quot; &quot;3&quot; &quot;0&quot; &quot;0&quot; &quot;&quot; &quot;2&quot;" classname="| editPolicy |  |  |  | 0 | 0 | 0 | 0 | 1 |  |  |  | 1 |  | 0 | 0 | 0 | AndroidPolicy2 |  | 0 |  |  |  |  | 100 | Android Policy Description Edited. | 4 |  | 3 | 0 | 0 |  | 2 |" time="0"/>
  <testcase name="When user makes post call with &quot;editPolicy&quot;" classname="| editPolicy |  |  |  | 0 | 0 | 0 | 0 | 1 |  |  |  | 1 |  | 0 | 0 | 0 | AndroidPolicy2 |  | 0 |  |  |  |  | 100 | Android Policy Description Edited. | 4 |  | 3 | 0 | 0 |  | 2 |" time="0"/>
  <testcase name="Then user verify the results" classname="| editPolicy |  |  |  | 0 | 0 | 0 | 0 | 1 |  |  |  | 1 |  | 0 | 0 | 0 | AndroidPolicy2 |  | 0 |  |  |  |  | 100 | Android Policy Description Edited. | 4 |  | 3 | 0 | 0 |  | 2 |" time="0"/>
  <testcase name="| editPolicy |  |  |  | 0 | 0 | 0 | 0 | 1 |  |  |  | 1 |  | 0 | 0 | 0 | AndroidPolicy2 |  | 0 |  |  |  |  | 100 | Android Policy Description Edited. | 4 |  | 3 | 0 | 0 |  | 2 |" classname="| editPolicy |  |  |  | 0 | 0 | 0 | 0 | 1 |  |  |  | 1 |  | 0 | 0 | 0 | AndroidPolicy2 |  | 0 |  |  |  |  | 100 | Android Policy Description Edited. | 4 |  | 3 | 0 | 0 |  | 2 |" time="0.001"/>
  <testcase name="Given Get Policy Headers" classname="| deletePolicy | AndroidPolicy1 |" time="0"/>
  <testcase name="Given Get Policy Headers" classname="| deletePolicy | AndroidPolicy1 |" time="0"/>
  <testcase name="Then user enters query parameters" classname="| deletePolicy | AndroidPolicy1 |" time="0"/>
  <testcase name="When user makes get call with &quot;getPolicy&quot;" classname="| deletePolicy | AndroidPolicy1 |" time="0"/>
  <testcase name="Then user verify the results of get call" classname="| deletePolicy | AndroidPolicy1 |" time="0"/>
  <testcase name="Then user verify the results of get call" classname="| deletePolicy | AndroidPolicy1 |" time="0"/>
  <testcase name="Then user enters delete policy query parameters &quot;AndroidPolicy1&quot;" classname="| deletePolicy | AndroidPolicy1 |" time="0"/>
  <testcase name="When user makes get call with &quot;deletePolicy&quot;" classname="| deletePolicy | AndroidPolicy1 |" time="0"/>
  <testcase name="| deletePolicy | AndroidPolicy1 |" classname="| deletePolicy | AndroidPolicy1 |" time="0"/>
  <testcase name="Given Get Policy Headers" classname="| deletePolicy | AndroidPolicy2 |" time="0"/>
  <testcase name="Given Get Policy Headers" classname="| deletePolicy | AndroidPolicy2 |" time="0"/>
  <testcase name="Then user enters query parameters" classname="| deletePolicy | AndroidPolicy2 |" time="0"/>
  <testcase name="When user makes get call with &quot;getPolicy&quot;" classname="| deletePolicy | AndroidPolicy2 |" time="0"/>
  <testcase name="Then user verify the results of get call" classname="| deletePolicy | AndroidPolicy2 |" time="0"/>
  <testcase name="Then user verify the results of get call" classname="| deletePolicy | AndroidPolicy2 |" time="0"/>
  <testcase name="Then user enters delete policy query parameters &quot;AndroidPolicy2&quot;" classname="| deletePolicy | AndroidPolicy2 |" time="0"/>
  <testcase name="When user makes get call with &quot;deletePolicy&quot;" classname="| deletePolicy | AndroidPolicy2 |" time="0"/>
  <testcase name="| deletePolicy | AndroidPolicy2 |" classname="| deletePolicy | AndroidPolicy2 |" time="0"/>
</testsuite>