<?xml version="1.0" encoding="UTF-8"?>
<testng-results ignored="0" total="1" passed="1" failed="0" skipped="0">
  <reporter-output>
  </reporter-output>
  <suite started-at="2020-05-15T18:28:04 IST" name="Default suite" finished-at="2020-05-15T18:28:04 IST" duration-ms="27">
    <groups>
    </groups>
    <test started-at="2020-05-15T18:28:04 IST" name="Default test" finished-at="2020-05-15T18:28:04 IST" duration-ms="27">
      <class name="managers.RequestManager">
        <test-method signature="abc()[pri:0, instance:managers.RequestManager@61edc883]" started-at="2020-05-15T18:28:04 IST" name="abc" finished-at="2020-05-15T18:28:04 IST" duration-ms="6" status="PASS">
          <reporter-output>
          </reporter-output>
        </test-method> <!-- abc -->
      </class> <!-- managers.RequestManager -->
    </test> <!-- Default test -->
  </suite> <!-- Default suite -->
</testng-results>
